Arguments: 
  C:\Program Files\nodejs\node.exe C:\Program Files (x86)\Yarn\bin\yarn.js add *

PATH: 
  C:\Program Files (x86)\Common Files\Oracle\Java\javapath;C:\Python39\Scripts\;C:\Python39\;C:\Windows\system32;C:\Windows;C:\Windows\System32\Wbem;C:\Windows\System32\WindowsPowerShell\v1.0\;C:\Windows\System32\OpenSSH\;C:\ProgramData\chocolatey\bin;C:\Program Files (x86)\Yarn\bin\;C:\Users\Dev\AppData\Local\Android\Sdk;C:\Users\Dev\AppData\Local\Android\Sdk\platform-tools;C:\Users\Dev\AppData\Local\gradle;C:\Users\Dev\AppData\Local\gradle\bin;C:\Users\Dev\AppData\Local\Android\Sdk\build-tools\30.0.2;C:\Program Files\Git\cmd;C:\Users\Dev\AppData\Local\Android\Sdk;C:\Program Files\Java\jdk1.8.0_271;C:\Program Files\Java\jdk1.8.0_211\bin;;C:\Program Files\dotnet\;C:\Program Files\Docker\Docker\resources\bin;C:\ProgramData\DockerDesktop\version-bin;C:\Program Files\nodejs\;C:\Program Files\PuTTY\;C:\Users\Dev\AppData\Local\Microsoft\WindowsApps;C:\Users\Dev\AppData\Local\hyper\app-3.0.2\resources\bin;C:\Users\Dev\AppData\Local\Programs\Microsoft VS Code\bin;C:\Users\Dev\AppData\Local\Yarn\bin;C:\Users\Dev\AppData\Local\Android\Sdk\emulator;C:\Users\Dev\AppData\Local\Android\Sdk\tools;C:\Users\Dev\AppData\Local\Android\Sdk\tools\bin;C:\Users\Dev\AppData\Local\Android\Sdk\platform-tools;C:\Users\Dev\AppData\Roaming\npm

Yarn version: 
  1.22.5

Node version: 
  14.16.1

Platform: 
  win32 x64

Trace: 
  Error: https://registry.yarnpkg.com/*: Not found
      at Request.params.callback [as _callback] (C:\Program Files (x86)\Yarn\lib\cli.js:66097:18)
      at Request.self.callback (C:\Program Files (x86)\Yarn\lib\cli.js:140749:22)
      at Request.emit (events.js:315:20)
      at Request.<anonymous> (C:\Program Files (x86)\Yarn\lib\cli.js:141721:10)
      at Request.emit (events.js:315:20)
      at IncomingMessage.<anonymous> (C:\Program Files (x86)\Yarn\lib\cli.js:141643:12)
      at Object.onceWrapper (events.js:421:28)
      at IncomingMessage.emit (events.js:327:22)
      at endReadableNT (internal/streams/readable.js:1327:12)
      at processTicksAndRejections (internal/process/task_queues.js:80:21)

npm manifest: 
  No manifest

yarn manifest: 
  No manifest

Lockfile: 
  No lockfile
